<?xml version="1.0" encoding="UTF-8"?>
<!-- Generated by org.testng.reporters.JUnitReportReporter -->
<testsuite hostname="LAPTOP-LHT308UH" failures="0" tests="1" name="com.qa.TestLayer.Test1" time="5.885" errors="0" timestamp="2022-08-30T19:54:15 IST" skipped="0">
  <testcase classname="com.qa.TestLayer.Test1" name="firstTest" time="5.885"/>
  <system-out/>
</testsuite> <!-- com.qa.TestLayer.Test1 -->
